c:\users\stephens\documents\github\realisticgameai\realisticgameai\assets\scripts\engine\engine\x64\debug\vc142.pdb
c:\users\stephens\documents\github\realisticgameai\realisticgameai\assets\scripts\engine\engine\x64\debug\vc142.idb
c:\users\stephens\documents\github\realisticgameai\realisticgameai\assets\scripts\engine\engine\x64\debug\workingtree.obj
c:\users\stephens\documents\github\realisticgameai\realisticgameai\assets\scripts\engine\engine\x64\debug\walkpasttree.obj
c:\users\stephens\documents\github\realisticgameai\realisticgameai\assets\scripts\engine\engine\x64\debug\npc.obj
c:\users\stephens\documents\github\realisticgameai\realisticgameai\assets\scripts\engine\engine\x64\debug\me.obj
c:\users\stephens\documents\github\realisticgameai\realisticgameai\assets\scripts\engine\engine\x64\debug\main.obj
c:\users\stephens\documents\github\realisticgameai\realisticgameai\assets\scripts\engine\engine\x64\debug\interact.obj
c:\users\stephens\documents\github\realisticgameai\realisticgameai\assets\scripts\engine\engine\x64\debug\dt.obj
c:\users\stephens\documents\github\realisticgameai\realisticgameai\assets\scripts\engine\engine\x64\debug\chat.obj
c:\users\stephens\documents\github\realisticgameai\realisticgameai\assets\scripts\engine\engine\x64\debug\bst.obj
c:\users\stephens\documents\github\realisticgameai\realisticgameai\assets\scripts\engine\engine\x64\debug\decisiontree.obj
c:\users\stephens\documents\github\realisticgameai\realisticgameai\assets\scripts\engine\x64\debug\engine.lib
c:\users\stephens\documents\github\realisticgameai\realisticgameai\assets\scripts\engine\x64\debug\engine.exp
c:\users\stephens\documents\github\realisticgameai\realisticgameai\assets\scripts\engine\x64\debug\engine.dll
c:\users\stephens\documents\github\realisticgameai\realisticgameai\assets\scripts\engine\engine\x64\debug\engine.ilk
c:\users\stephens\documents\github\realisticgameai\realisticgameai\assets\scripts\engine\x64\debug\engine.pdb
c:\users\stephens\documents\github\realisticgameai\realisticgameai\assets\scripts\engine\engine\x64\debug\interactedwith.obj
c:\users\stephens\documents\github\realisticgameai\realisticgameai\assets\scripts\engine\engine\x64\debug\interacttree.obj
c:\users\stephens\documents\github\realisticgameai\realisticgameai\assets\scripts\engine\engine\x64\debug\bst.obj.meta
c:\users\stephens\documents\github\realisticgameai\realisticgameai\assets\scripts\engine\engine\x64\debug\chat.obj.meta
c:\users\stephens\documents\github\realisticgameai\realisticgameai\assets\scripts\engine\engine\x64\debug\decisiontree.obj.meta
c:\users\stephens\documents\github\realisticgameai\realisticgameai\assets\scripts\engine\engine\x64\debug\dt.obj.meta
c:\users\stephens\documents\github\realisticgameai\realisticgameai\assets\scripts\engine\engine\x64\debug\engine.build.cppclean.log.meta
c:\users\stephens\documents\github\realisticgameai\realisticgameai\assets\scripts\engine\engine\x64\debug\engine.dll.recipe.meta
c:\users\stephens\documents\github\realisticgameai\realisticgameai\assets\scripts\engine\engine\x64\debug\engine.ilk.meta
c:\users\stephens\documents\github\realisticgameai\realisticgameai\assets\scripts\engine\engine\x64\debug\engine.log.meta
c:\users\stephens\documents\github\realisticgameai\realisticgameai\assets\scripts\engine\engine\x64\debug\engine.tlog.meta
c:\users\stephens\documents\github\realisticgameai\realisticgameai\assets\scripts\engine\engine\x64\debug\engine.vcxproj.filelistabsolute.txt.meta
c:\users\stephens\documents\github\realisticgameai\realisticgameai\assets\scripts\engine\engine\x64\debug\interact.obj.meta
c:\users\stephens\documents\github\realisticgameai\realisticgameai\assets\scripts\engine\engine\x64\debug\interactedwith.obj.meta
c:\users\stephens\documents\github\realisticgameai\realisticgameai\assets\scripts\engine\engine\x64\debug\main.obj.meta
c:\users\stephens\documents\github\realisticgameai\realisticgameai\assets\scripts\engine\engine\x64\debug\me.obj.meta
c:\users\stephens\documents\github\realisticgameai\realisticgameai\assets\scripts\engine\engine\x64\debug\npc.obj.meta
c:\users\stephens\documents\github\realisticgameai\realisticgameai\assets\scripts\engine\engine\x64\debug\vc142.idb.meta
c:\users\stephens\documents\github\realisticgameai\realisticgameai\assets\scripts\engine\engine\x64\debug\vc142.pdb.meta
c:\users\stephens\documents\github\realisticgameai\realisticgameai\assets\scripts\engine\engine\x64\debug\walkpasttree.obj.meta
c:\users\stephens\documents\github\realisticgameai\realisticgameai\assets\scripts\engine\engine\x64\debug\workingtree.obj.meta
c:\users\stephens\documents\github\realisticgameai\realisticgameai\assets\scripts\engine\engine\x64\debug\engine.tlog\cl.command.1.tlog.meta
c:\users\stephens\documents\github\realisticgameai\realisticgameai\assets\scripts\engine\engine\x64\debug\engine.tlog\cl.read.1.tlog.meta
c:\users\stephens\documents\github\realisticgameai\realisticgameai\assets\scripts\engine\engine\x64\debug\engine.tlog\cl.write.1.tlog.meta
c:\users\stephens\documents\github\realisticgameai\realisticgameai\assets\scripts\engine\engine\x64\debug\engine.tlog\engine.lastbuildstate.meta
c:\users\stephens\documents\github\realisticgameai\realisticgameai\assets\scripts\engine\engine\x64\debug\engine.tlog\engine.write.1u.tlog.meta
c:\users\stephens\documents\github\realisticgameai\realisticgameai\assets\scripts\engine\engine\x64\debug\engine.tlog\link.command.1.tlog.meta
c:\users\stephens\documents\github\realisticgameai\realisticgameai\assets\scripts\engine\engine\x64\debug\engine.tlog\link.read.1.tlog.meta
c:\users\stephens\documents\github\realisticgameai\realisticgameai\assets\scripts\engine\engine\x64\debug\engine.tlog\link.write.1.tlog.meta
c:\users\stephens\documents\github\realisticgameai\realisticgameai\assets\scripts\engine\engine\x64\debug\engine.tlog\unsuccessfulbuild.meta
c:\users\stephens\documents\github\realisticgameai\realisticgameai\assets\scripts\engine\engine\x64\debug\engine.tlog\cl.command.1.tlog
c:\users\stephens\documents\github\realisticgameai\realisticgameai\assets\scripts\engine\engine\x64\debug\engine.tlog\cl.read.1.tlog
c:\users\stephens\documents\github\realisticgameai\realisticgameai\assets\scripts\engine\engine\x64\debug\engine.tlog\cl.write.1.tlog
c:\users\stephens\documents\github\realisticgameai\realisticgameai\assets\scripts\engine\engine\x64\debug\engine.tlog\engine.write.1u.tlog
c:\users\stephens\documents\github\realisticgameai\realisticgameai\assets\scripts\engine\engine\x64\debug\engine.tlog\link.command.1.tlog
c:\users\stephens\documents\github\realisticgameai\realisticgameai\assets\scripts\engine\engine\x64\debug\engine.tlog\link.read.1.tlog
c:\users\stephens\documents\github\realisticgameai\realisticgameai\assets\scripts\engine\engine\x64\debug\engine.tlog\link.write.1.tlog
