c:\users\stephens\documents\github\realisticgameai\realisticgameai\assets\scripts\ai engine\cppfunctions\x64\debug\vc142.pdb
c:\users\stephens\documents\github\realisticgameai\realisticgameai\assets\scripts\ai engine\cppfunctions\x64\debug\vc142.idb
c:\users\stephens\documents\github\realisticgameai\realisticgameai\assets\scripts\ai engine\cppfunctions\x64\debug\interaction.obj
c:\users\stephens\documents\github\realisticgameai\realisticgameai\assets\scripts\ai engine\cppfunctions\x64\debug\conversation.obj
c:\users\stephens\documents\github\realisticgameai\realisticgameai\assets\scripts\ai engine\cppfunctions\x64\debug\ai.obj
c:\users\stephens\documents\github\realisticgameai\realisticgameai\assets\scripts\ai engine\cppfunctions\x64\debug\actions.obj
c:\users\stephens\documents\github\realisticgameai\realisticgameai\assets\scripts\ai engine\cppfunctions\x64\debug\actions.obj.meta
c:\users\stephens\documents\github\realisticgameai\realisticgameai\assets\scripts\ai engine\cppfunctions\x64\debug\ai engine.build.cppclean.log.meta
c:\users\stephens\documents\github\realisticgameai\realisticgameai\assets\scripts\ai engine\cppfunctions\x64\debug\ai engine.dll.recipe.meta
c:\users\stephens\documents\github\realisticgameai\realisticgameai\assets\scripts\ai engine\cppfunctions\x64\debug\ai engine.tlog.meta
c:\users\stephens\documents\github\realisticgameai\realisticgameai\assets\scripts\ai engine\cppfunctions\x64\debug\ai.obj.meta
c:\users\stephens\documents\github\realisticgameai\realisticgameai\assets\scripts\ai engine\cppfunctions\x64\debug\aiengine.build.cppclean.log.meta
c:\users\stephens\documents\github\realisticgameai\realisticgameai\assets\scripts\ai engine\cppfunctions\x64\debug\aiengine.dll.recipe.meta
c:\users\stephens\documents\github\realisticgameai\realisticgameai\assets\scripts\ai engine\cppfunctions\x64\debug\aiengine.tlog.meta
c:\users\stephens\documents\github\realisticgameai\realisticgameai\assets\scripts\ai engine\cppfunctions\x64\debug\conversation.obj.meta
c:\users\stephens\documents\github\realisticgameai\realisticgameai\assets\scripts\ai engine\cppfunctions\x64\debug\cppfunctions.log.meta
c:\users\stephens\documents\github\realisticgameai\realisticgameai\assets\scripts\ai engine\cppfunctions\x64\debug\cppfunctions.vcxproj.filelistabsolute.txt.meta
c:\users\stephens\documents\github\realisticgameai\realisticgameai\assets\scripts\ai engine\cppfunctions\x64\debug\interaction.obj.meta
c:\users\stephens\documents\github\realisticgameai\realisticgameai\assets\scripts\ai engine\cppfunctions\x64\debug\vc142.idb.meta
c:\users\stephens\documents\github\realisticgameai\realisticgameai\assets\scripts\ai engine\cppfunctions\x64\debug\vc142.pdb.meta
c:\users\stephens\documents\github\realisticgameai\realisticgameai\assets\scripts\ai engine\x64\debug\aiengine.dll
c:\users\stephens\documents\github\realisticgameai\realisticgameai\assets\scripts\ai engine\cppfunctions\x64\debug\aiengine.tlog\aiengine.lastbuildstate.meta
c:\users\stephens\documents\github\realisticgameai\realisticgameai\assets\scripts\ai engine\cppfunctions\x64\debug\aiengine.tlog\cl.command.1.tlog.meta
c:\users\stephens\documents\github\realisticgameai\realisticgameai\assets\scripts\ai engine\cppfunctions\x64\debug\aiengine.tlog\cl.read.1.tlog.meta
c:\users\stephens\documents\github\realisticgameai\realisticgameai\assets\scripts\ai engine\cppfunctions\x64\debug\aiengine.tlog\cl.write.1.tlog.meta
c:\users\stephens\documents\github\realisticgameai\realisticgameai\assets\scripts\ai engine\cppfunctions\x64\debug\aiengine.tlog\link.command.1.tlog.meta
c:\users\stephens\documents\github\realisticgameai\realisticgameai\assets\scripts\ai engine\cppfunctions\x64\debug\aiengine.tlog\link.read.1.tlog.meta
c:\users\stephens\documents\github\realisticgameai\realisticgameai\assets\scripts\ai engine\cppfunctions\x64\debug\aiengine.tlog\link.write.1.tlog.meta
c:\users\stephens\documents\github\realisticgameai\realisticgameai\assets\scripts\ai engine\cppfunctions\x64\debug\aiengine.tlog\unsuccessfulbuild.meta
c:\users\stephens\documents\github\realisticgameai\realisticgameai\assets\scripts\ai engine\cppfunctions\x64\debug\aiengine.tlog\cl.command.1.tlog
c:\users\stephens\documents\github\realisticgameai\realisticgameai\assets\scripts\ai engine\cppfunctions\x64\debug\aiengine.tlog\cl.read.1.tlog
c:\users\stephens\documents\github\realisticgameai\realisticgameai\assets\scripts\ai engine\cppfunctions\x64\debug\aiengine.tlog\cl.write.1.tlog
c:\users\stephens\documents\github\realisticgameai\realisticgameai\assets\scripts\ai engine\cppfunctions\x64\debug\aiengine.tlog\link.command.1.tlog
c:\users\stephens\documents\github\realisticgameai\realisticgameai\assets\scripts\ai engine\cppfunctions\x64\debug\aiengine.tlog\link.read.1.tlog
c:\users\stephens\documents\github\realisticgameai\realisticgameai\assets\scripts\ai engine\cppfunctions\x64\debug\aiengine.tlog\link.write.1.tlog
